{"name":"forgetName","status":"failed","statusDetails":{"known":false,"muted":false,"flaky":false,"message":"java.lang.AssertionError","trace":"java.lang.AssertionError\r\n\tat pages.BasePage.assertTextContains(BasePage.java:49)\r\n\tat pages.ForgetPassPage.assertVerifyText(ForgetPassPage.java:46)\r\n\tat tests.ForgetPassTest.forgetName(ForgetPassTest.java:20)\r\n\tat java.base/jdk.internal.reflect.NativeMethodAccessorImpl.invoke0(Native Method)\r\n\tat java.base/jdk.internal.reflect.NativeMethodAccessorImpl.invoke(NativeMethodAccessorImpl.java:62)\r\n\tat java.base/jdk.internal.reflect.DelegatingMethodAccessorImpl.invoke(DelegatingMethodAccessorImpl.java:43)\r\n\tat java.base/java.lang.reflect.Method.invoke(Method.java:567)\r\n\tat org.testng.internal.MethodInvocationHelper.invokeMethod(MethodInvocationHelper.java:131)\r\n\tat org.testng.internal.TestInvoker.invokeMethod(TestInvoker.java:570)\r\n\tat org.testng.internal.TestInvoker.invokeTestMethod(TestInvoker.java:170)\r\n\tat org.testng.internal.MethodRunner.runInSequence(MethodRunner.java:46)\r\n\tat org.testng.internal.TestInvoker$MethodInvocationAgent.invoke(TestInvoker.java:790)\r\n\tat org.testng.internal.TestInvoker.invokeTestMethods(TestInvoker.java:143)\r\n\tat org.testng.internal.TestMethodWorker.invokeTestMethods(TestMethodWorker.java:146)\r\n\tat org.testng.internal.TestMethodWorker.run(TestMethodWorker.java:128)\r\n\tat org.testng.TestRunner.privateRun(TestRunner.java:763)\r\n\tat org.testng.TestRunner.run(TestRunner.java:594)\r\n\tat org.testng.SuiteRunner.runTest(SuiteRunner.java:398)\r\n\tat org.testng.SuiteRunner.runSequentially(SuiteRunner.java:392)\r\n\tat org.testng.SuiteRunner.privateRun(SuiteRunner.java:355)\r\n\tat org.testng.SuiteRunner.run(SuiteRunner.java:304)\r\n\tat org.testng.SuiteRunnerWorker.runSuite(SuiteRunnerWorker.java:53)\r\n\tat org.testng.SuiteRunnerWorker.run(SuiteRunnerWorker.java:96)\r\n\tat org.testng.TestNG.runSuitesSequentially(TestNG.java:1146)\r\n\tat org.testng.TestNG.runSuitesLocally(TestNG.java:1067)\r\n\tat org.testng.TestNG.runSuites(TestNG.java:997)\r\n\tat org.testng.TestNG.run(TestNG.java:965)\r\n\tat com.intellij.rt.testng.IDEARemoteTestNG.run(IDEARemoteTestNG.java:66)\r\n\tat com.intellij.rt.testng.RemoteTestNGStarter.main(RemoteTestNGStarter.java:110)\r\n"},"stage":"finished","steps":[],"attachments":[],"parameters":[],"start":1585075211683,"stop":1585075224522,"uuid":"ca014fa0-41c2-45c2-896b-d1840ec7341b","historyId":"3a012412ef4e809dc2a123b8dc0cbb52","fullName":"tests.ForgetPassTest.forgetName","labels":[{"name":"package","value":"tests.ForgetPassTest"},{"name":"testClass","value":"tests.ForgetPassTest"},{"name":"testMethod","value":"forgetName"},{"name":"parentSuite","value":"Default Suite"},{"name":"suite","value":"Webdriver"},{"name":"subSuite","value":"tests.ForgetPassTest"},{"name":"host","value":"DESKTOP-LU2NQGH"},{"name":"thread","value":"2468@DESKTOP-LU2NQGH.main(1)"},{"name":"framework","value":"testng"},{"name":"language","value":"java"}],"links":[]}